<?xml version="1.0" encoding="utf-8"?>
<CoverageSession xmlns:xsd="http://www.w3.org/2001/XMLSchema" xmlns:xsi="http://www.w3.org/2001/XMLSchema-instance" Version="4.7.922.0">
  <Summary numSequencePoints="163" visitedSequencePoints="0" numBranchPoints="60" visitedBranchPoints="0" sequenceCoverage="0" branchCoverage="0" maxCyclomaticComplexity="16" minCyclomaticComplexity="0" maxCrapScore="272" minCrapScore="0" visitedClasses="0" numClasses="2" visitedMethods="0" numMethods="20" />
  <Modules>
    <Module hash="D2-3A-4E-99-4E-F7-78-B1-E6-8B-A7-79-3B-AD-88-11-93-C2-97-15">
      <Summary numSequencePoints="163" visitedSequencePoints="0" numBranchPoints="60" visitedBranchPoints="0" sequenceCoverage="0" branchCoverage="0" maxCyclomaticComplexity="16" minCyclomaticComplexity="0" maxCrapScore="272" minCrapScore="0" visitedClasses="0" numClasses="2" visitedMethods="0" numMethods="20" />
      <ModulePath>C:\Users\Martin\Desktop\STI 2022\KlientUnitTestsFramework\bin\Debug\fine-code-coverage\build-output\KlientUnitTestsFramework.dll</ModulePath>
      <ModuleTime>2022-04-22T19:47:33.2362922Z</ModuleTime>
      <ModuleName>KlientUnitTestsFramework</ModuleName>
      <Files>
        <File uid="1" fullPath="C:\Users\Martin\Desktop\STI 2022\KlientUnitTestsFramework\Form1Tests.cs" />
        <File uid="2" fullPath="C:\Users\Martin\Desktop\STI 2022\KlientUnitTestsFramework\Class1.cs" />
      </Files>
      <Classes>
        <Class>
          <Summary numSequencePoints="37" visitedSequencePoints="0" numBranchPoints="13" visitedBranchPoints="0" sequenceCoverage="0" branchCoverage="0" maxCyclomaticComplexity="1" minCyclomaticComplexity="1" maxCrapScore="2" minCrapScore="2" visitedClasses="0" numClasses="1" visitedMethods="0" numMethods="13" />
          <FullName>KlientNUnitTests.Form1Tests</FullName>
          <Methods>
            <Method visited="false" cyclomaticComplexity="1" nPathComplexity="0" sequenceCoverage="0" branchCoverage="0" crapScore="2" isConstructor="false" isStatic="false" isGetter="false" isSetter="false">
              <Summary numSequencePoints="3" visitedSequencePoints="0" numBranchPoints="1" visitedBranchPoints="0" sequenceCoverage="0" branchCoverage="0" maxCyclomaticComplexity="1" minCyclomaticComplexity="1" maxCrapScore="2" minCrapScore="2" visitedClasses="0" numClasses="0" visitedMethods="0" numMethods="1" />
              <MetadataToken>100663297</MetadataToken>
              <Name>System.Void KlientNUnitTests.Form1Tests::getQuestionUrltTest1()</Name>
              <FileRef uid="1" />
              <SequencePoints>
                <SequencePoint vc="0" uspid="1" ordinal="0" offset="0" sl="16" sc="9" el="16" ec="10" bec="0" bev="0" fileid="1" />
                <SequencePoint vc="0" uspid="2" ordinal="1" offset="1" sl="17" sc="13" el="17" ec="113" bec="0" bev="0" fileid="1" />
                <SequencePoint vc="0" uspid="3" ordinal="2" offset="24" sl="18" sc="9" el="18" ec="10" bec="0" bev="0" fileid="1" />
              </SequencePoints>
              <BranchPoints />
              <MethodPoint xsi:type="SequencePoint" vc="0" uspid="1" ordinal="0" offset="0" sl="16" sc="9" el="16" ec="10" bec="0" bev="0" fileid="1" />
            </Method>
            <Method visited="false" cyclomaticComplexity="1" nPathComplexity="0" sequenceCoverage="0" branchCoverage="0" crapScore="2" isConstructor="false" isStatic="false" isGetter="false" isSetter="false">
              <Summary numSequencePoints="3" visitedSequencePoints="0" numBranchPoints="1" visitedBranchPoints="0" sequenceCoverage="0" branchCoverage="0" maxCyclomaticComplexity="1" minCyclomaticComplexity="1" maxCrapScore="2" minCrapScore="2" visitedClasses="0" numClasses="0" visitedMethods="0" numMethods="1" />
              <MetadataToken>100663298</MetadataToken>
              <Name>System.Void KlientNUnitTests.Form1Tests::getQuestionUrltTest2()</Name>
              <FileRef uid="1" />
              <SequencePoints>
                <SequencePoint vc="0" uspid="4" ordinal="0" offset="0" sl="21" sc="9" el="21" ec="10" bec="0" bev="0" fileid="1" />
                <SequencePoint vc="0" uspid="5" ordinal="1" offset="1" sl="22" sc="13" el="22" ec="113" bec="0" bev="0" fileid="1" />
                <SequencePoint vc="0" uspid="6" ordinal="2" offset="24" sl="23" sc="9" el="23" ec="10" bec="0" bev="0" fileid="1" />
              </SequencePoints>
              <BranchPoints />
              <MethodPoint xsi:type="SequencePoint" vc="0" uspid="4" ordinal="0" offset="0" sl="21" sc="9" el="21" ec="10" bec="0" bev="0" fileid="1" />
            </Method>
            <Method visited="false" cyclomaticComplexity="1" nPathComplexity="0" sequenceCoverage="0" branchCoverage="0" crapScore="2" isConstructor="false" isStatic="false" isGetter="false" isSetter="false">
              <Summary numSequencePoints="3" visitedSequencePoints="0" numBranchPoints="1" visitedBranchPoints="0" sequenceCoverage="0" branchCoverage="0" maxCyclomaticComplexity="1" minCyclomaticComplexity="1" maxCrapScore="2" minCrapScore="2" visitedClasses="0" numClasses="0" visitedMethods="0" numMethods="1" />
              <MetadataToken>100663299</MetadataToken>
              <Name>System.Void KlientNUnitTests.Form1Tests::getQuestionUrltTest3()</Name>
              <FileRef uid="1" />
              <SequencePoints>
                <SequencePoint vc="0" uspid="7" ordinal="0" offset="0" sl="26" sc="9" el="26" ec="10" bec="0" bev="0" fileid="1" />
                <SequencePoint vc="0" uspid="8" ordinal="1" offset="1" sl="27" sc="13" el="27" ec="83" bec="0" bev="0" fileid="1" />
                <SequencePoint vc="0" uspid="9" ordinal="2" offset="24" sl="28" sc="9" el="28" ec="10" bec="0" bev="0" fileid="1" />
              </SequencePoints>
              <BranchPoints />
              <MethodPoint xsi:type="SequencePoint" vc="0" uspid="7" ordinal="0" offset="0" sl="26" sc="9" el="26" ec="10" bec="0" bev="0" fileid="1" />
            </Method>
            <Method visited="false" cyclomaticComplexity="1" nPathComplexity="0" sequenceCoverage="0" branchCoverage="0" crapScore="2" isConstructor="false" isStatic="false" isGetter="false" isSetter="false">
              <Summary numSequencePoints="3" visitedSequencePoints="0" numBranchPoints="1" visitedBranchPoints="0" sequenceCoverage="0" branchCoverage="0" maxCyclomaticComplexity="1" minCyclomaticComplexity="1" maxCrapScore="2" minCrapScore="2" visitedClasses="0" numClasses="0" visitedMethods="0" numMethods="1" />
              <MetadataToken>100663300</MetadataToken>
              <Name>System.Void KlientNUnitTests.Form1Tests::getQuestionUrltTest4()</Name>
              <FileRef uid="1" />
              <SequencePoints>
                <SequencePoint vc="0" uspid="10" ordinal="0" offset="0" sl="31" sc="9" el="31" ec="10" bec="0" bev="0" fileid="1" />
                <SequencePoint vc="0" uspid="11" ordinal="1" offset="1" sl="32" sc="13" el="32" ec="113" bec="0" bev="0" fileid="1" />
                <SequencePoint vc="0" uspid="12" ordinal="2" offset="24" sl="33" sc="9" el="33" ec="10" bec="0" bev="0" fileid="1" />
              </SequencePoints>
              <BranchPoints />
              <MethodPoint xsi:type="SequencePoint" vc="0" uspid="10" ordinal="0" offset="0" sl="31" sc="9" el="31" ec="10" bec="0" bev="0" fileid="1" />
            </Method>
            <Method visited="false" cyclomaticComplexity="1" nPathComplexity="0" sequenceCoverage="0" branchCoverage="0" crapScore="2" isConstructor="false" isStatic="false" isGetter="false" isSetter="false">
              <Summary numSequencePoints="3" visitedSequencePoints="0" numBranchPoints="1" visitedBranchPoints="0" sequenceCoverage="0" branchCoverage="0" maxCyclomaticComplexity="1" minCyclomaticComplexity="1" maxCrapScore="2" minCrapScore="2" visitedClasses="0" numClasses="0" visitedMethods="0" numMethods="1" />
              <MetadataToken>100663301</MetadataToken>
              <Name>System.Void KlientNUnitTests.Form1Tests::getQuestionUrltTest5()</Name>
              <FileRef uid="1" />
              <SequencePoints>
                <SequencePoint vc="0" uspid="13" ordinal="0" offset="0" sl="36" sc="9" el="36" ec="10" bec="0" bev="0" fileid="1" />
                <SequencePoint vc="0" uspid="14" ordinal="1" offset="1" sl="37" sc="13" el="37" ec="82" bec="0" bev="0" fileid="1" />
                <SequencePoint vc="0" uspid="15" ordinal="2" offset="24" sl="38" sc="9" el="38" ec="10" bec="0" bev="0" fileid="1" />
              </SequencePoints>
              <BranchPoints />
              <MethodPoint xsi:type="SequencePoint" vc="0" uspid="13" ordinal="0" offset="0" sl="36" sc="9" el="36" ec="10" bec="0" bev="0" fileid="1" />
            </Method>
            <Method visited="false" cyclomaticComplexity="1" nPathComplexity="0" sequenceCoverage="0" branchCoverage="0" crapScore="2" isConstructor="false" isStatic="false" isGetter="false" isSetter="false">
              <Summary numSequencePoints="3" visitedSequencePoints="0" numBranchPoints="1" visitedBranchPoints="0" sequenceCoverage="0" branchCoverage="0" maxCyclomaticComplexity="1" minCyclomaticComplexity="1" maxCrapScore="2" minCrapScore="2" visitedClasses="0" numClasses="0" visitedMethods="0" numMethods="1" />
              <MetadataToken>100663302</MetadataToken>
              <Name>System.Void KlientNUnitTests.Form1Tests::getQuestionNumberTest1()</Name>
              <FileRef uid="1" />
              <SequencePoints>
                <SequencePoint vc="0" uspid="16" ordinal="0" offset="0" sl="44" sc="9" el="44" ec="10" bec="0" bev="0" fileid="1" />
                <SequencePoint vc="0" uspid="17" ordinal="1" offset="1" sl="45" sc="13" el="45" ec="90" bec="0" bev="0" fileid="1" />
                <SequencePoint vc="0" uspid="18" ordinal="2" offset="34" sl="46" sc="9" el="46" ec="10" bec="0" bev="0" fileid="1" />
              </SequencePoints>
              <BranchPoints />
              <MethodPoint xsi:type="SequencePoint" vc="0" uspid="16" ordinal="0" offset="0" sl="44" sc="9" el="44" ec="10" bec="0" bev="0" fileid="1" />
            </Method>
            <Method visited="false" cyclomaticComplexity="1" nPathComplexity="0" sequenceCoverage="0" branchCoverage="0" crapScore="2" isConstructor="false" isStatic="false" isGetter="false" isSetter="false">
              <Summary numSequencePoints="3" visitedSequencePoints="0" numBranchPoints="1" visitedBranchPoints="0" sequenceCoverage="0" branchCoverage="0" maxCyclomaticComplexity="1" minCyclomaticComplexity="1" maxCrapScore="2" minCrapScore="2" visitedClasses="0" numClasses="0" visitedMethods="0" numMethods="1" />
              <MetadataToken>100663303</MetadataToken>
              <Name>System.Void KlientNUnitTests.Form1Tests::getQuestionNumberTest2()</Name>
              <FileRef uid="1" />
              <SequencePoints>
                <SequencePoint vc="0" uspid="19" ordinal="0" offset="0" sl="49" sc="9" el="49" ec="10" bec="0" bev="0" fileid="1" />
                <SequencePoint vc="0" uspid="20" ordinal="1" offset="1" sl="50" sc="13" el="50" ec="86" bec="0" bev="0" fileid="1" />
                <SequencePoint vc="0" uspid="21" ordinal="2" offset="34" sl="51" sc="9" el="51" ec="10" bec="0" bev="0" fileid="1" />
              </SequencePoints>
              <BranchPoints />
              <MethodPoint xsi:type="SequencePoint" vc="0" uspid="19" ordinal="0" offset="0" sl="49" sc="9" el="49" ec="10" bec="0" bev="0" fileid="1" />
            </Method>
            <Method visited="false" cyclomaticComplexity="1" nPathComplexity="0" sequenceCoverage="0" branchCoverage="0" crapScore="2" isConstructor="false" isStatic="false" isGetter="false" isSetter="false">
              <Summary numSequencePoints="3" visitedSequencePoints="0" numBranchPoints="1" visitedBranchPoints="0" sequenceCoverage="0" branchCoverage="0" maxCyclomaticComplexity="1" minCyclomaticComplexity="1" maxCrapScore="2" minCrapScore="2" visitedClasses="0" numClasses="0" visitedMethods="0" numMethods="1" />
              <MetadataToken>100663304</MetadataToken>
              <Name>System.Void KlientNUnitTests.Form1Tests::getQuestionNumberTest3()</Name>
              <FileRef uid="1" />
              <SequencePoints>
                <SequencePoint vc="0" uspid="22" ordinal="0" offset="0" sl="54" sc="9" el="54" ec="10" bec="0" bev="0" fileid="1" />
                <SequencePoint vc="0" uspid="23" ordinal="1" offset="1" sl="55" sc="13" el="55" ec="110" bec="0" bev="0" fileid="1" />
                <SequencePoint vc="0" uspid="24" ordinal="2" offset="34" sl="56" sc="9" el="56" ec="10" bec="0" bev="0" fileid="1" />
              </SequencePoints>
              <BranchPoints />
              <MethodPoint xsi:type="SequencePoint" vc="0" uspid="22" ordinal="0" offset="0" sl="54" sc="9" el="54" ec="10" bec="0" bev="0" fileid="1" />
            </Method>
            <Method visited="false" cyclomaticComplexity="1" nPathComplexity="0" sequenceCoverage="0" branchCoverage="0" crapScore="2" isConstructor="false" isStatic="false" isGetter="false" isSetter="false">
              <Summary numSequencePoints="3" visitedSequencePoints="0" numBranchPoints="1" visitedBranchPoints="0" sequenceCoverage="0" branchCoverage="0" maxCyclomaticComplexity="1" minCyclomaticComplexity="1" maxCrapScore="2" minCrapScore="2" visitedClasses="0" numClasses="0" visitedMethods="0" numMethods="1" />
              <MetadataToken>100663305</MetadataToken>
              <Name>System.Void KlientNUnitTests.Form1Tests::getQuestionNumberTest4()</Name>
              <FileRef uid="1" />
              <SequencePoints>
                <SequencePoint vc="0" uspid="25" ordinal="0" offset="0" sl="59" sc="9" el="59" ec="10" bec="0" bev="0" fileid="1" />
                <SequencePoint vc="0" uspid="26" ordinal="1" offset="1" sl="60" sc="13" el="60" ec="108" bec="0" bev="0" fileid="1" />
                <SequencePoint vc="0" uspid="27" ordinal="2" offset="34" sl="61" sc="9" el="61" ec="10" bec="0" bev="0" fileid="1" />
              </SequencePoints>
              <BranchPoints />
              <MethodPoint xsi:type="SequencePoint" vc="0" uspid="25" ordinal="0" offset="0" sl="59" sc="9" el="59" ec="10" bec="0" bev="0" fileid="1" />
            </Method>
            <Method visited="false" cyclomaticComplexity="1" nPathComplexity="0" sequenceCoverage="0" branchCoverage="0" crapScore="2" isConstructor="false" isStatic="false" isGetter="false" isSetter="false">
              <Summary numSequencePoints="3" visitedSequencePoints="0" numBranchPoints="1" visitedBranchPoints="0" sequenceCoverage="0" branchCoverage="0" maxCyclomaticComplexity="1" minCyclomaticComplexity="1" maxCrapScore="2" minCrapScore="2" visitedClasses="0" numClasses="0" visitedMethods="0" numMethods="1" />
              <MetadataToken>100663306</MetadataToken>
              <Name>System.Void KlientNUnitTests.Form1Tests::getQuestionNumberTest5()</Name>
              <FileRef uid="1" />
              <SequencePoints>
                <SequencePoint vc="0" uspid="28" ordinal="0" offset="0" sl="64" sc="9" el="64" ec="10" bec="0" bev="0" fileid="1" />
                <SequencePoint vc="0" uspid="29" ordinal="1" offset="1" sl="65" sc="13" el="65" ec="127" bec="0" bev="0" fileid="1" />
                <SequencePoint vc="0" uspid="30" ordinal="2" offset="34" sl="66" sc="9" el="66" ec="10" bec="0" bev="0" fileid="1" />
              </SequencePoints>
              <BranchPoints />
              <MethodPoint xsi:type="SequencePoint" vc="0" uspid="28" ordinal="0" offset="0" sl="64" sc="9" el="64" ec="10" bec="0" bev="0" fileid="1" />
            </Method>
            <Method visited="false" cyclomaticComplexity="1" nPathComplexity="0" sequenceCoverage="0" branchCoverage="0" crapScore="2" isConstructor="false" isStatic="false" isGetter="false" isSetter="false">
              <Summary numSequencePoints="3" visitedSequencePoints="0" numBranchPoints="1" visitedBranchPoints="0" sequenceCoverage="0" branchCoverage="0" maxCyclomaticComplexity="1" minCyclomaticComplexity="1" maxCrapScore="2" minCrapScore="2" visitedClasses="0" numClasses="0" visitedMethods="0" numMethods="1" />
              <MetadataToken>100663307</MetadataToken>
              <Name>System.Void KlientNUnitTests.Form1Tests::getStringBeetweenStringsTest1()</Name>
              <FileRef uid="1" />
              <SequencePoints>
                <SequencePoint vc="0" uspid="31" ordinal="0" offset="0" sl="72" sc="9" el="72" ec="10" bec="0" bev="0" fileid="1" />
                <SequencePoint vc="0" uspid="32" ordinal="1" offset="1" sl="73" sc="13" el="73" ec="113" bec="0" bev="0" fileid="1" />
                <SequencePoint vc="0" uspid="33" ordinal="2" offset="38" sl="74" sc="9" el="74" ec="10" bec="0" bev="0" fileid="1" />
              </SequencePoints>
              <BranchPoints />
              <MethodPoint xsi:type="SequencePoint" vc="0" uspid="31" ordinal="0" offset="0" sl="72" sc="9" el="72" ec="10" bec="0" bev="0" fileid="1" />
            </Method>
            <Method visited="false" cyclomaticComplexity="1" nPathComplexity="0" sequenceCoverage="0" branchCoverage="0" crapScore="2" isConstructor="false" isStatic="false" isGetter="false" isSetter="false">
              <Summary numSequencePoints="3" visitedSequencePoints="0" numBranchPoints="1" visitedBranchPoints="0" sequenceCoverage="0" branchCoverage="0" maxCyclomaticComplexity="1" minCyclomaticComplexity="1" maxCrapScore="2" minCrapScore="2" visitedClasses="0" numClasses="0" visitedMethods="0" numMethods="1" />
              <MetadataToken>100663308</MetadataToken>
              <Name>System.Void KlientNUnitTests.Form1Tests::getStringBeetweenStringsTest2()</Name>
              <FileRef uid="1" />
              <SequencePoints>
                <SequencePoint vc="0" uspid="34" ordinal="0" offset="0" sl="77" sc="9" el="77" ec="10" bec="0" bev="0" fileid="1" />
                <SequencePoint vc="0" uspid="35" ordinal="1" offset="1" sl="78" sc="13" el="78" ec="126" bec="0" bev="0" fileid="1" />
                <SequencePoint vc="0" uspid="36" ordinal="2" offset="38" sl="79" sc="9" el="79" ec="10" bec="0" bev="0" fileid="1" />
              </SequencePoints>
              <BranchPoints />
              <MethodPoint xsi:type="SequencePoint" vc="0" uspid="34" ordinal="0" offset="0" sl="77" sc="9" el="77" ec="10" bec="0" bev="0" fileid="1" />
            </Method>
            <Method visited="false" cyclomaticComplexity="1" nPathComplexity="0" sequenceCoverage="0" branchCoverage="0" crapScore="2" isConstructor="true" isStatic="false" isGetter="false" isSetter="false">
              <Summary numSequencePoints="1" visitedSequencePoints="0" numBranchPoints="1" visitedBranchPoints="0" sequenceCoverage="0" branchCoverage="0" maxCyclomaticComplexity="1" minCyclomaticComplexity="1" maxCrapScore="2" minCrapScore="2" visitedClasses="0" numClasses="0" visitedMethods="0" numMethods="1" />
              <MetadataToken>100663309</MetadataToken>
              <Name>System.Void KlientNUnitTests.Form1Tests::.ctor()</Name>
              <FileRef uid="1" />
              <SequencePoints>
                <SequencePoint vc="0" uspid="37" ordinal="0" offset="0" sl="13" sc="9" el="13" ec="55" bec="0" bev="0" fileid="1" />
              </SequencePoints>
              <BranchPoints />
              <MethodPoint xsi:type="SequencePoint" vc="0" uspid="37" ordinal="0" offset="0" sl="13" sc="9" el="13" ec="55" bec="0" bev="0" fileid="1" />
            </Method>
          </Methods>
        </Class>
        <Class>
          <Summary numSequencePoints="126" visitedSequencePoints="0" numBranchPoints="47" visitedBranchPoints="0" sequenceCoverage="0" branchCoverage="0" maxCyclomaticComplexity="16" minCyclomaticComplexity="1" maxCrapScore="272" minCrapScore="2" visitedClasses="0" numClasses="1" visitedMethods="0" numMethods="7" />
          <FullName>KlientUnitTestsFramework.Converzation2</FullName>
          <Methods>
            <Method visited="false" cyclomaticComplexity="1" nPathComplexity="0" sequenceCoverage="0" branchCoverage="0" crapScore="2" isConstructor="true" isStatic="false" isGetter="false" isSetter="false">
              <Summary numSequencePoints="4" visitedSequencePoints="0" numBranchPoints="1" visitedBranchPoints="0" sequenceCoverage="0" branchCoverage="0" maxCyclomaticComplexity="1" minCyclomaticComplexity="1" maxCrapScore="2" minCrapScore="2" visitedClasses="0" numClasses="0" visitedMethods="0" numMethods="1" />
              <MetadataToken>100663310</MetadataToken>
              <Name>System.Void KlientUnitTestsFramework.Converzation2::.ctor()</Name>
              <FileRef uid="2" />
              <SequencePoints>
                <SequencePoint vc="0" uspid="38" ordinal="0" offset="0" sl="14" sc="9" el="14" ec="67" bec="0" bev="0" fileid="2" />
                <SequencePoint vc="0" uspid="39" ordinal="1" offset="11" sl="16" sc="9" el="16" ec="31" bec="0" bev="0" fileid="2" />
                <SequencePoint vc="0" uspid="40" ordinal="2" offset="18" sl="16" sc="32" el="16" ec="33" bec="0" bev="0" fileid="2" />
                <SequencePoint vc="0" uspid="41" ordinal="3" offset="19" sl="16" sc="34" el="16" ec="35" bec="0" bev="0" fileid="2" />
              </SequencePoints>
              <BranchPoints />
              <MethodPoint xsi:type="SequencePoint" vc="0" uspid="38" ordinal="0" offset="0" sl="14" sc="9" el="14" ec="67" bec="0" bev="0" fileid="2" />
            </Method>
            <Method visited="false" cyclomaticComplexity="1" nPathComplexity="0" sequenceCoverage="0" branchCoverage="0" crapScore="2" isConstructor="false" isStatic="false" isGetter="false" isSetter="false">
              <Summary numSequencePoints="3" visitedSequencePoints="0" numBranchPoints="1" visitedBranchPoints="0" sequenceCoverage="0" branchCoverage="0" maxCyclomaticComplexity="1" minCyclomaticComplexity="1" maxCrapScore="2" minCrapScore="2" visitedClasses="0" numClasses="0" visitedMethods="0" numMethods="1" />
              <MetadataToken>100663311</MetadataToken>
              <Name>System.Void KlientUnitTestsFramework.Converzation2::addToTextMessagesHistory(System.String)</Name>
              <FileRef uid="2" />
              <SequencePoints>
                <SequencePoint vc="0" uspid="42" ordinal="0" offset="0" sl="20" sc="9" el="20" ec="10" bec="0" bev="0" fileid="2" />
                <SequencePoint vc="0" uspid="43" ordinal="1" offset="1" sl="21" sc="13" el="21" ec="44" bec="0" bev="0" fileid="2" />
                <SequencePoint vc="0" uspid="44" ordinal="2" offset="14" sl="22" sc="9" el="22" ec="10" bec="0" bev="0" fileid="2" />
              </SequencePoints>
              <BranchPoints />
              <MethodPoint xsi:type="SequencePoint" vc="0" uspid="42" ordinal="0" offset="0" sl="20" sc="9" el="20" ec="10" bec="0" bev="0" fileid="2" />
            </Method>
            <Method visited="false" cyclomaticComplexity="2" nPathComplexity="2" sequenceCoverage="0" branchCoverage="0" crapScore="6" isConstructor="false" isStatic="false" isGetter="false" isSetter="false">
              <Summary numSequencePoints="11" visitedSequencePoints="0" numBranchPoints="3" visitedBranchPoints="0" sequenceCoverage="0" branchCoverage="0" maxCyclomaticComplexity="2" minCyclomaticComplexity="2" maxCrapScore="6" minCrapScore="6" visitedClasses="0" numClasses="0" visitedMethods="0" numMethods="1" />
              <MetadataToken>100663312</MetadataToken>
              <Name>System.String KlientUnitTestsFramework.Converzation2::createHtmlToDisplay()</Name>
              <FileRef uid="2" />
              <SequencePoints>
                <SequencePoint vc="0" uspid="45" ordinal="0" offset="0" sl="25" sc="9" el="25" ec="10" bec="0" bev="0" fileid="2" />
                <SequencePoint vc="0" uspid="46" ordinal="1" offset="1" sl="26" sc="13" el="26" ec="118" bec="0" bev="0" fileid="2" />
                <SequencePoint vc="0" uspid="47" ordinal="2" offset="7" sl="27" sc="18" el="27" ec="27" bec="0" bev="0" fileid="2" />
                <SequencePoint vc="0" uspid="48" ordinal="3" offset="11" sl="28" sc="13" el="28" ec="14" bec="0" bev="0" fileid="2" />
                <SequencePoint vc="0" uspid="49" ordinal="4" offset="12" sl="29" sc="17" el="29" ec="62" bec="0" bev="0" fileid="2" />
                <SequencePoint vc="0" uspid="50" ordinal="5" offset="36" sl="30" sc="13" el="30" ec="14" bec="0" bev="0" fileid="2" />
                <SequencePoint vc="0" uspid="51" ordinal="6" offset="37" sl="27" sc="56" el="27" ec="59" bec="0" bev="0" fileid="2" />
                <SequencePoint vc="0" uspid="52" ordinal="7" offset="41" sl="27" sc="29" el="27" ec="54" bec="2" bev="0" fileid="2" />
                <SequencePoint vc="0" uspid="53" ordinal="8" offset="59" sl="31" sc="13" el="31" ec="47" bec="0" bev="0" fileid="2" />
                <SequencePoint vc="0" uspid="54" ordinal="9" offset="71" sl="32" sc="13" el="32" ec="34" bec="0" bev="0" fileid="2" />
                <SequencePoint vc="0" uspid="55" ordinal="10" offset="75" sl="33" sc="9" el="33" ec="10" bec="0" bev="0" fileid="2" />
              </SequencePoints>
              <BranchPoints>
                <BranchPoint vc="0" uspid="56" ordinal="0" offset="57" sl="27" path="0" offsetend="59" fileid="2" />
                <BranchPoint vc="0" uspid="57" ordinal="1" offset="57" sl="27" path="1" offsetend="11" fileid="2" />
              </BranchPoints>
              <MethodPoint xsi:type="SequencePoint" vc="0" uspid="45" ordinal="0" offset="0" sl="25" sc="9" el="25" ec="10" bec="0" bev="0" fileid="2" />
            </Method>
            <Method visited="false" cyclomaticComplexity="1" nPathComplexity="0" sequenceCoverage="0" branchCoverage="0" crapScore="2" isConstructor="false" isStatic="false" isGetter="false" isSetter="false">
              <Summary numSequencePoints="6" visitedSequencePoints="0" numBranchPoints="1" visitedBranchPoints="0" sequenceCoverage="0" branchCoverage="0" maxCyclomaticComplexity="1" minCyclomaticComplexity="1" maxCrapScore="2" minCrapScore="2" visitedClasses="0" numClasses="0" visitedMethods="0" numMethods="1" />
              <MetadataToken>100663313</MetadataToken>
              <Name>System.String KlientUnitTestsFramework.Converzation2::getStringBeetweenStrings(System.String,System.String,System.String)</Name>
              <FileRef uid="2" />
              <SequencePoints>
                <SequencePoint vc="0" uspid="58" ordinal="0" offset="0" sl="36" sc="9" el="36" ec="10" bec="0" bev="0" fileid="2" />
                <SequencePoint vc="0" uspid="59" ordinal="1" offset="1" sl="38" sc="13" el="38" ec="89" bec="0" bev="0" fileid="2" />
                <SequencePoint vc="0" uspid="60" ordinal="2" offset="16" sl="39" sc="13" el="39" ec="66" bec="0" bev="0" fileid="2" />
                <SequencePoint vc="0" uspid="61" ordinal="3" offset="24" sl="40" sc="13" el="40" ec="96" bec="0" bev="0" fileid="2" />
                <SequencePoint vc="0" uspid="62" ordinal="4" offset="35" sl="41" sc="13" el="41" ec="32" bec="0" bev="0" fileid="2" />
                <SequencePoint vc="0" uspid="63" ordinal="5" offset="39" sl="42" sc="9" el="42" ec="10" bec="0" bev="0" fileid="2" />
              </SequencePoints>
              <BranchPoints />
              <MethodPoint xsi:type="SequencePoint" vc="0" uspid="58" ordinal="0" offset="0" sl="36" sc="9" el="36" ec="10" bec="0" bev="0" fileid="2" />
            </Method>
            <Method visited="false" cyclomaticComplexity="5" nPathComplexity="16" sequenceCoverage="0" branchCoverage="0" crapScore="30" isConstructor="false" isStatic="false" isGetter="false" isSetter="false">
              <Summary numSequencePoints="15" visitedSequencePoints="0" numBranchPoints="9" visitedBranchPoints="0" sequenceCoverage="0" branchCoverage="0" maxCyclomaticComplexity="5" minCyclomaticComplexity="5" maxCrapScore="30" minCrapScore="30" visitedClasses="0" numClasses="0" visitedMethods="0" numMethods="1" />
              <MetadataToken>100663314</MetadataToken>
              <Name>System.String KlientUnitTestsFramework.Converzation2::getQuestionUrl(System.Int32)</Name>
              <FileRef uid="2" />
              <SequencePoints>
                <SequencePoint vc="0" uspid="64" ordinal="0" offset="0" sl="45" sc="9" el="45" ec="10" bec="0" bev="0" fileid="2" />
                <SequencePoint vc="0" uspid="65" ordinal="1" offset="1" sl="46" sc="13" el="46" ec="39" bec="2" bev="0" fileid="2" />
                <SequencePoint vc="0" uspid="66" ordinal="2" offset="9" sl="47" sc="13" el="47" ec="14" bec="0" bev="0" fileid="2" />
                <SequencePoint vc="0" uspid="67" ordinal="3" offset="10" sl="48" sc="17" el="48" ec="70" bec="0" bev="0" fileid="2" />
                <SequencePoint vc="0" uspid="68" ordinal="4" offset="18" sl="50" sc="18" el="50" ec="44" bec="2" bev="0" fileid="2" />
                <SequencePoint vc="0" uspid="69" ordinal="5" offset="26" sl="51" sc="13" el="51" ec="14" bec="0" bev="0" fileid="2" />
                <SequencePoint vc="0" uspid="70" ordinal="6" offset="27" sl="52" sc="17" el="52" ec="70" bec="0" bev="0" fileid="2" />
                <SequencePoint vc="0" uspid="71" ordinal="7" offset="35" sl="54" sc="18" el="54" ec="44" bec="2" bev="0" fileid="2" />
                <SequencePoint vc="0" uspid="72" ordinal="8" offset="43" sl="55" sc="13" el="55" ec="14" bec="0" bev="0" fileid="2" />
                <SequencePoint vc="0" uspid="73" ordinal="9" offset="44" sl="56" sc="17" el="56" ec="70" bec="0" bev="0" fileid="2" />
                <SequencePoint vc="0" uspid="74" ordinal="10" offset="52" sl="58" sc="18" el="58" ec="44" bec="2" bev="0" fileid="2" />
                <SequencePoint vc="0" uspid="75" ordinal="11" offset="62" sl="59" sc="13" el="59" ec="14" bec="0" bev="0" fileid="2" />
                <SequencePoint vc="0" uspid="76" ordinal="12" offset="63" sl="60" sc="17" el="60" ec="70" bec="0" bev="0" fileid="2" />
                <SequencePoint vc="0" uspid="77" ordinal="13" offset="71" sl="62" sc="13" el="62" ec="35" bec="0" bev="0" fileid="2" />
                <SequencePoint vc="0" uspid="78" ordinal="14" offset="79" sl="63" sc="9" el="63" ec="10" bec="0" bev="0" fileid="2" />
              </SequencePoints>
              <BranchPoints>
                <BranchPoint vc="0" uspid="79" ordinal="0" offset="7" sl="46" path="0" offsetend="9" fileid="2" />
                <BranchPoint vc="0" uspid="80" ordinal="1" offset="7" sl="46" path="1" offsetend="18" fileid="2" />
                <BranchPoint vc="0" uspid="81" ordinal="2" offset="24" sl="50" path="0" offsetend="26" fileid="2" />
                <BranchPoint vc="0" uspid="82" ordinal="3" offset="24" sl="50" path="1" offsetend="35" fileid="2" />
                <BranchPoint vc="0" uspid="83" ordinal="4" offset="41" sl="54" path="0" offsetend="43" fileid="2" />
                <BranchPoint vc="0" uspid="84" ordinal="5" offset="41" sl="54" path="1" offsetend="52" fileid="2" />
                <BranchPoint vc="0" uspid="85" ordinal="6" offset="60" sl="58" path="0" offsetend="62" fileid="2" />
                <BranchPoint vc="0" uspid="86" ordinal="7" offset="60" sl="58" path="1" offsetend="71" fileid="2" />
              </BranchPoints>
              <MethodPoint xsi:type="SequencePoint" vc="0" uspid="64" ordinal="0" offset="0" sl="45" sc="9" el="45" ec="10" bec="0" bev="0" fileid="2" />
            </Method>
            <Method visited="false" cyclomaticComplexity="16" nPathComplexity="32768" sequenceCoverage="0" branchCoverage="0" crapScore="272" isConstructor="false" isStatic="false" isGetter="false" isSetter="false">
              <Summary numSequencePoints="65" visitedSequencePoints="0" numBranchPoints="31" visitedBranchPoints="0" sequenceCoverage="0" branchCoverage="0" maxCyclomaticComplexity="16" minCyclomaticComplexity="16" maxCrapScore="272" minCrapScore="272" visitedClasses="0" numClasses="0" visitedMethods="0" numMethods="1" />
              <MetadataToken>100663315</MetadataToken>
              <Name>System.Int32 KlientUnitTestsFramework.Converzation2::getQuestionNumber(System.String)</Name>
              <FileRef uid="2" />
              <SequencePoints>
                <SequencePoint vc="0" uspid="87" ordinal="0" offset="0" sl="66" sc="9" el="66" ec="10" bec="0" bev="0" fileid="2" />
                <SequencePoint vc="0" uspid="88" ordinal="1" offset="1" sl="67" sc="13" el="67" ec="43" bec="0" bev="0" fileid="2" />
                <SequencePoint vc="0" uspid="89" ordinal="2" offset="9" sl="69" sc="13" el="69" ec="39" bec="0" bev="0" fileid="2" />
                <SequencePoint vc="0" uspid="90" ordinal="3" offset="11" sl="69" sc="41" el="69" ec="62" bec="0" bev="0" fileid="2" />
                <SequencePoint vc="0" uspid="91" ordinal="4" offset="13" sl="69" sc="64" el="69" ec="85" bec="0" bev="0" fileid="2" />
                <SequencePoint vc="0" uspid="92" ordinal="5" offset="15" sl="70" sc="17" el="70" ec="41" bec="0" bev="0" fileid="2" />
                <SequencePoint vc="0" uspid="93" ordinal="6" offset="17" sl="70" sc="43" el="70" ec="63" bec="0" bev="0" fileid="2" />
                <SequencePoint vc="0" uspid="94" ordinal="7" offset="20" sl="70" sc="65" el="70" ec="89" bec="0" bev="0" fileid="2" />
                <SequencePoint vc="0" uspid="95" ordinal="8" offset="23" sl="72" sc="13" el="72" ec="116" bec="0" bev="0" fileid="2" />
                <SequencePoint vc="0" uspid="96" ordinal="9" offset="43" sl="74" sc="13" el="74" ec="57" bec="0" bev="0" fileid="2" />
                <SequencePoint vc="0" uspid="97" ordinal="10" offset="53" sl="76" sc="18" el="76" ec="27" bec="0" bev="0" fileid="2" />
                <SequencePoint vc="0" uspid="98" ordinal="11" offset="61" sl="77" sc="13" el="77" ec="14" bec="0" bev="0" fileid="2" />
                <SequencePoint vc="0" uspid="99" ordinal="12" offset="62" sl="79" sc="17" el="79" ec="45" bec="2" bev="0" fileid="2" />
                <SequencePoint vc="0" uspid="100" ordinal="13" offset="83" sl="80" sc="17" el="80" ec="18" bec="0" bev="0" fileid="2" />
                <SequencePoint vc="0" uspid="101" ordinal="14" offset="84" sl="81" sc="21" el="81" ec="42" bec="0" bev="0" fileid="2" />
                <SequencePoint vc="0" uspid="102" ordinal="15" offset="86" sl="82" sc="21" el="82" ec="39" bec="2" bev="0" fileid="2" />
                <SequencePoint vc="0" uspid="103" ordinal="16" offset="93" sl="82" sc="40" el="82" ec="41" bec="0" bev="0" fileid="2" />
                <SequencePoint vc="0" uspid="104" ordinal="17" offset="94" sl="82" sc="42" el="82" ec="51" bec="0" bev="0" fileid="2" />
                <SequencePoint vc="0" uspid="105" ordinal="18" offset="102" sl="83" sc="21" el="83" ec="39" bec="2" bev="0" fileid="2" />
                <SequencePoint vc="0" uspid="106" ordinal="19" offset="109" sl="83" sc="40" el="83" ec="41" bec="0" bev="0" fileid="2" />
                <SequencePoint vc="0" uspid="107" ordinal="20" offset="110" sl="83" sc="42" el="83" ec="51" bec="0" bev="0" fileid="2" />
                <SequencePoint vc="0" uspid="108" ordinal="21" offset="118" sl="84" sc="17" el="84" ec="18" bec="0" bev="0" fileid="2" />
                <SequencePoint vc="0" uspid="109" ordinal="22" offset="124" sl="86" sc="22" el="86" ec="50" bec="2" bev="0" fileid="2" />
                <SequencePoint vc="0" uspid="110" ordinal="23" offset="145" sl="87" sc="17" el="87" ec="18" bec="0" bev="0" fileid="2" />
                <SequencePoint vc="0" uspid="111" ordinal="24" offset="146" sl="88" sc="21" el="88" ec="42" bec="0" bev="0" fileid="2" />
                <SequencePoint vc="0" uspid="112" ordinal="25" offset="148" sl="89" sc="21" el="89" ec="39" bec="2" bev="0" fileid="2" />
                <SequencePoint vc="0" uspid="113" ordinal="26" offset="155" sl="89" sc="40" el="89" ec="41" bec="0" bev="0" fileid="2" />
                <SequencePoint vc="0" uspid="114" ordinal="27" offset="156" sl="89" sc="42" el="89" ec="51" bec="0" bev="0" fileid="2" />
                <SequencePoint vc="0" uspid="115" ordinal="28" offset="164" sl="90" sc="17" el="90" ec="18" bec="0" bev="0" fileid="2" />
                <SequencePoint vc="0" uspid="116" ordinal="29" offset="170" sl="92" sc="22" el="92" ec="50" bec="2" bev="0" fileid="2" />
                <SequencePoint vc="0" uspid="117" ordinal="30" offset="191" sl="93" sc="17" el="93" ec="18" bec="0" bev="0" fileid="2" />
                <SequencePoint vc="0" uspid="118" ordinal="31" offset="192" sl="94" sc="21" el="94" ec="42" bec="0" bev="0" fileid="2" />
                <SequencePoint vc="0" uspid="119" ordinal="32" offset="194" sl="95" sc="21" el="95" ec="39" bec="2" bev="0" fileid="2" />
                <SequencePoint vc="0" uspid="120" ordinal="33" offset="201" sl="95" sc="40" el="95" ec="41" bec="0" bev="0" fileid="2" />
                <SequencePoint vc="0" uspid="121" ordinal="34" offset="202" sl="95" sc="42" el="95" ec="51" bec="0" bev="0" fileid="2" />
                <SequencePoint vc="0" uspid="122" ordinal="35" offset="210" sl="96" sc="17" el="96" ec="18" bec="0" bev="0" fileid="2" />
                <SequencePoint vc="0" uspid="123" ordinal="36" offset="216" sl="98" sc="22" el="98" ec="53" bec="2" bev="0" fileid="2" />
                <SequencePoint vc="0" uspid="124" ordinal="37" offset="237" sl="99" sc="17" el="99" ec="18" bec="0" bev="0" fileid="2" />
                <SequencePoint vc="0" uspid="125" ordinal="38" offset="238" sl="100" sc="21" el="100" ec="45" bec="0" bev="0" fileid="2" />
                <SequencePoint vc="0" uspid="126" ordinal="39" offset="240" sl="101" sc="21" el="101" ec="38" bec="2" bev="0" fileid="2" />
                <SequencePoint vc="0" uspid="127" ordinal="40" offset="248" sl="101" sc="39" el="101" ec="40" bec="0" bev="0" fileid="2" />
                <SequencePoint vc="0" uspid="128" ordinal="41" offset="249" sl="101" sc="41" el="101" ec="50" bec="0" bev="0" fileid="2" />
                <SequencePoint vc="0" uspid="129" ordinal="42" offset="254" sl="102" sc="17" el="102" ec="18" bec="0" bev="0" fileid="2" />
                <SequencePoint vc="0" uspid="130" ordinal="43" offset="257" sl="104" sc="22" el="104" ec="49" bec="2" bev="0" fileid="2" />
                <SequencePoint vc="0" uspid="131" ordinal="44" offset="278" sl="105" sc="17" el="105" ec="18" bec="0" bev="0" fileid="2" />
                <SequencePoint vc="0" uspid="132" ordinal="45" offset="279" sl="106" sc="21" el="106" ec="41" bec="0" bev="0" fileid="2" />
                <SequencePoint vc="0" uspid="133" ordinal="46" offset="282" sl="107" sc="21" el="107" ec="42" bec="2" bev="0" fileid="2" />
                <SequencePoint vc="0" uspid="134" ordinal="47" offset="289" sl="107" sc="43" el="107" ec="44" bec="0" bev="0" fileid="2" />
                <SequencePoint vc="0" uspid="135" ordinal="48" offset="290" sl="107" sc="45" el="107" ec="54" bec="0" bev="0" fileid="2" />
                <SequencePoint vc="0" uspid="136" ordinal="49" offset="295" sl="108" sc="21" el="108" ec="42" bec="2" bev="0" fileid="2" />
                <SequencePoint vc="0" uspid="137" ordinal="50" offset="303" sl="108" sc="43" el="108" ec="44" bec="0" bev="0" fileid="2" />
                <SequencePoint vc="0" uspid="138" ordinal="51" offset="304" sl="108" sc="45" el="108" ec="54" bec="0" bev="0" fileid="2" />
                <SequencePoint vc="0" uspid="139" ordinal="52" offset="309" sl="109" sc="17" el="109" ec="18" bec="0" bev="0" fileid="2" />
                <SequencePoint vc="0" uspid="140" ordinal="53" offset="312" sl="111" sc="22" el="111" ec="53" bec="2" bev="0" fileid="2" />
                <SequencePoint vc="0" uspid="141" ordinal="54" offset="333" sl="112" sc="17" el="112" ec="18" bec="0" bev="0" fileid="2" />
                <SequencePoint vc="0" uspid="142" ordinal="55" offset="334" sl="113" sc="21" el="113" ec="45" bec="0" bev="0" fileid="2" />
                <SequencePoint vc="0" uspid="143" ordinal="56" offset="337" sl="114" sc="21" el="114" ec="38" bec="2" bev="0" fileid="2" />
                <SequencePoint vc="0" uspid="144" ordinal="57" offset="345" sl="114" sc="39" el="114" ec="40" bec="0" bev="0" fileid="2" />
                <SequencePoint vc="0" uspid="145" ordinal="58" offset="346" sl="114" sc="41" el="114" ec="50" bec="0" bev="0" fileid="2" />
                <SequencePoint vc="0" uspid="146" ordinal="59" offset="351" sl="115" sc="17" el="115" ec="18" bec="0" bev="0" fileid="2" />
                <SequencePoint vc="0" uspid="147" ordinal="60" offset="352" sl="116" sc="13" el="116" ec="14" bec="0" bev="0" fileid="2" />
                <SequencePoint vc="0" uspid="148" ordinal="61" offset="353" sl="76" sc="47" el="76" ec="50" bec="0" bev="0" fileid="2" />
                <SequencePoint vc="0" uspid="149" ordinal="62" offset="359" sl="76" sc="29" el="76" ec="45" bec="2" bev="0" fileid="2" />
                <SequencePoint vc="0" uspid="150" ordinal="63" offset="376" sl="118" sc="13" el="118" ec="22" bec="0" bev="0" fileid="2" />
                <SequencePoint vc="0" uspid="151" ordinal="64" offset="381" sl="119" sc="9" el="119" ec="10" bec="0" bev="0" fileid="2" />
              </SequencePoints>
              <BranchPoints>
                <BranchPoint vc="0" uspid="152" ordinal="0" offset="81" sl="79" path="0" offsetend="83" fileid="2" />
                <BranchPoint vc="0" uspid="153" ordinal="1" offset="81" sl="79" path="1" offsetend="124" fileid="2" />
                <BranchPoint vc="0" uspid="154" ordinal="2" offset="91" sl="82" path="0" offsetend="93" fileid="2" />
                <BranchPoint vc="0" uspid="155" ordinal="3" offset="91" sl="82" path="1" offsetend="102" fileid="2" />
                <BranchPoint vc="0" uspid="156" ordinal="4" offset="107" sl="83" path="0" offsetend="109" fileid="2" />
                <BranchPoint vc="0" uspid="157" ordinal="5" offset="107" sl="83" path="1" offsetend="118" fileid="2" />
                <BranchPoint vc="0" uspid="158" ordinal="6" offset="143" sl="86" path="0" offsetend="145" fileid="2" />
                <BranchPoint vc="0" uspid="159" ordinal="7" offset="143" sl="86" path="1" offsetend="170" fileid="2" />
                <BranchPoint vc="0" uspid="160" ordinal="8" offset="153" sl="89" path="0" offsetend="155" fileid="2" />
                <BranchPoint vc="0" uspid="161" ordinal="9" offset="153" sl="89" path="1" offsetend="164" fileid="2" />
                <BranchPoint vc="0" uspid="162" ordinal="10" offset="189" sl="92" path="0" offsetend="191" fileid="2" />
                <BranchPoint vc="0" uspid="163" ordinal="11" offset="189" sl="92" path="1" offsetend="216" fileid="2" />
                <BranchPoint vc="0" uspid="164" ordinal="12" offset="199" sl="95" path="0" offsetend="201" fileid="2" />
                <BranchPoint vc="0" uspid="165" ordinal="13" offset="199" sl="95" path="1" offsetend="210" fileid="2" />
                <BranchPoint vc="0" uspid="166" ordinal="14" offset="235" sl="98" path="0" offsetend="237" fileid="2" />
                <BranchPoint vc="0" uspid="167" ordinal="15" offset="235" sl="98" path="1" offsetend="257" fileid="2" />
                <BranchPoint vc="0" uspid="168" ordinal="16" offset="246" sl="101" path="0" offsetend="248" fileid="2" />
                <BranchPoint vc="0" uspid="169" ordinal="17" offset="246" sl="101" path="1" offsetend="254" fileid="2" />
                <BranchPoint vc="0" uspid="170" ordinal="18" offset="276" sl="104" path="0" offsetend="278" fileid="2" />
                <BranchPoint vc="0" uspid="171" ordinal="19" offset="276" sl="104" path="1" offsetend="312" fileid="2" />
                <BranchPoint vc="0" uspid="172" ordinal="20" offset="287" sl="107" path="0" offsetend="289" fileid="2" />
                <BranchPoint vc="0" uspid="173" ordinal="21" offset="287" sl="107" path="1" offsetend="295" fileid="2" />
                <BranchPoint vc="0" uspid="174" ordinal="22" offset="301" sl="108" path="0" offsetend="303" fileid="2" />
                <BranchPoint vc="0" uspid="175" ordinal="23" offset="301" sl="108" path="1" offsetend="309" fileid="2" />
                <BranchPoint vc="0" uspid="176" ordinal="24" offset="331" sl="111" path="0" offsetend="333" fileid="2" />
                <BranchPoint vc="0" uspid="177" ordinal="25" offset="331" sl="111" path="1" offsetend="352" fileid="2" />
                <BranchPoint vc="0" uspid="178" ordinal="26" offset="343" sl="114" path="0" offsetend="345" fileid="2" />
                <BranchPoint vc="0" uspid="179" ordinal="27" offset="343" sl="114" path="1" offsetend="351" fileid="2" />
                <BranchPoint vc="0" uspid="180" ordinal="28" offset="371" sl="76" path="0" offsetend="376" fileid="2" />
                <BranchPoint vc="0" uspid="181" ordinal="29" offset="371" sl="76" path="1" offsetend="61" fileid="2" />
              </BranchPoints>
              <MethodPoint xsi:type="SequencePoint" vc="0" uspid="87" ordinal="0" offset="0" sl="66" sc="9" el="66" ec="10" bec="0" bev="0" fileid="2" />
            </Method>
            <Method visited="false" cyclomaticComplexity="1" nPathComplexity="0" sequenceCoverage="0" branchCoverage="0" crapScore="2" isConstructor="false" isStatic="false" isGetter="false" isSetter="false">
              <Summary numSequencePoints="22" visitedSequencePoints="0" numBranchPoints="1" visitedBranchPoints="0" sequenceCoverage="0" branchCoverage="0" maxCyclomaticComplexity="1" minCyclomaticComplexity="1" maxCrapScore="2" minCrapScore="2" visitedClasses="0" numClasses="0" visitedMethods="0" numMethods="1" />
              <MetadataToken>100663316</MetadataToken>
              <Name>System.String KlientUnitTestsFramework.Converzation2::getHtmlFromServer(System.String)</Name>
              <FileRef uid="2" />
              <SequencePoints>
                <SequencePoint vc="0" uspid="182" ordinal="0" offset="0" sl="122" sc="9" el="122" ec="10" bec="0" bev="0" fileid="2" />
                <SequencePoint vc="0" uspid="183" ordinal="1" offset="1" sl="124" sc="13" el="124" ec="14" bec="0" bev="0" fileid="2" />
                <SequencePoint vc="0" uspid="184" ordinal="2" offset="2" sl="125" sc="17" el="125" ec="97" bec="0" bev="0" fileid="2" />
                <SequencePoint vc="0" uspid="185" ordinal="3" offset="8" sl="126" sc="17" el="126" ec="77" bec="0" bev="0" fileid="2" />
                <SequencePoint vc="0" uspid="186" ordinal="4" offset="20" sl="129" sc="17" el="129" ec="73" bec="0" bev="0" fileid="2" />
                <SequencePoint vc="0" uspid="187" ordinal="5" offset="27" sl="130" sc="17" el="130" ec="44" bec="0" bev="0" fileid="2" />
                <SequencePoint vc="0" uspid="188" ordinal="6" offset="39" sl="131" sc="17" el="131" ec="60" bec="0" bev="0" fileid="2" />
                <SequencePoint vc="0" uspid="189" ordinal="7" offset="51" sl="132" sc="17" el="132" ec="63" bec="0" bev="0" fileid="2" />
                <SequencePoint vc="0" uspid="190" ordinal="8" offset="62" sl="135" sc="17" el="135" ec="70" bec="0" bev="0" fileid="2" />
                <SequencePoint vc="0" uspid="191" ordinal="9" offset="69" sl="136" sc="17" el="136" ec="73" bec="0" bev="0" fileid="2" />
                <SequencePoint vc="0" uspid="192" ordinal="10" offset="81" sl="139" sc="17" el="139" ec="68" bec="0" bev="0" fileid="2" />
                <SequencePoint vc="0" uspid="193" ordinal="11" offset="89" sl="140" sc="17" el="140" ec="65" bec="0" bev="0" fileid="2" />
                <SequencePoint vc="0" uspid="194" ordinal="12" offset="97" sl="143" sc="17" el="143" ec="83" bec="0" bev="0" fileid="2" />
                <SequencePoint vc="0" uspid="195" ordinal="13" offset="105" sl="144" sc="17" el="144" ec="112" bec="0" bev="0" fileid="2" />
                <SequencePoint vc="0" uspid="196" ordinal="14" offset="144" sl="147" sc="17" el="147" ec="44" bec="0" bev="0" fileid="2" />
                <SequencePoint vc="0" uspid="197" ordinal="15" offset="152" sl="148" sc="17" el="148" ec="37" bec="0" bev="0" fileid="2" />
                <SequencePoint vc="0" uspid="198" ordinal="16" offset="160" sl="149" sc="17" el="149" ec="39" bec="0" bev="0" fileid="2" />
                <SequencePoint vc="0" uspid="199" ordinal="17" offset="167" sl="152" sc="17" el="152" ec="43" bec="0" bev="0" fileid="2" />
                <SequencePoint vc="0" uspid="200" ordinal="18" offset="173" sl="154" sc="13" el="154" ec="33" bec="0" bev="0" fileid="2" />
                <SequencePoint vc="0" uspid="201" ordinal="19" offset="175" sl="155" sc="13" el="155" ec="14" bec="0" bev="0" fileid="2" />
                <SequencePoint vc="0" uspid="202" ordinal="20" offset="176" sl="156" sc="17" el="156" ec="35" bec="0" bev="0" fileid="2" />
                <SequencePoint vc="0" uspid="203" ordinal="21" offset="187" sl="158" sc="9" el="158" ec="10" bec="0" bev="0" fileid="2" />
              </SequencePoints>
              <BranchPoints />
              <MethodPoint xsi:type="SequencePoint" vc="0" uspid="182" ordinal="0" offset="0" sl="122" sc="9" el="122" ec="10" bec="0" bev="0" fileid="2" />
            </Method>
          </Methods>
        </Class>
      </Classes>
    </Module>
  </Modules>
</CoverageSession>